<?xml version="1.0" encoding="UTF-8"?>
<testng-results total="2" passed="2" failed="0" skipped="0">
  <reporter-output>
  </reporter-output>
  <suite started-at="2019-05-03T01:22:35Z" name="Default suite" finished-at="2019-05-03T01:22:53Z" duration-ms="18359">
    <groups>
    </groups>
    <test started-at="2019-05-03T01:22:35Z" name="Default test" finished-at="2019-05-03T01:22:53Z" duration-ms="18359">
      <class name="com.singleton.qa.testcase.SingleFreeCRM">
        <test-method is-config="true" signature="setUp()[pri:0, instance:com.singleton.qa.testcase.SingleFreeCRM@2f4948e4]" started-at="2019-05-03T06:52:35Z" name="setUp" finished-at="2019-05-03T06:52:48Z" duration-ms="13246" status="PASS">
          <reporter-output>
          </reporter-output>
        </test-method> <!-- setUp -->
        <test-method signature="freecrmlogotest()[pri:0, instance:com.singleton.qa.testcase.SingleFreeCRM@2f4948e4]" started-at="2019-05-03T06:52:48Z" name="freecrmlogotest" finished-at="2019-05-03T06:52:48Z" duration-ms="214" status="PASS">
          <reporter-output>
          </reporter-output>
        </test-method> <!-- freecrmlogotest -->
        <test-method signature="freecrmtitletest()[pri:0, instance:com.singleton.qa.testcase.SingleFreeCRM@2f4948e4]" started-at="2019-05-03T06:52:48Z" name="freecrmtitletest" finished-at="2019-05-03T06:52:48Z" duration-ms="15" status="PASS">
          <reporter-output>
          </reporter-output>
        </test-method> <!-- freecrmtitletest -->
        <test-method is-config="true" signature="tearDown()[pri:0, instance:com.singleton.qa.testcase.SingleFreeCRM@2f4948e4]" started-at="2019-05-03T06:52:48Z" name="tearDown" finished-at="2019-05-03T06:52:53Z" duration-ms="4849" status="PASS">
          <reporter-output>
          </reporter-output>
        </test-method> <!-- tearDown -->
      </class> <!-- com.singleton.qa.testcase.SingleFreeCRM -->
    </test> <!-- Default test -->
  </suite> <!-- Default suite -->
</testng-results>
